1598732371973	geckodriver	INFO	Listening on 127.0.0.1:54447
1598732375013	mozrunner::runner	INFO	Running command: "C:\\Program Files\\Mozilla Firefox\\firefox.exe" "--marionette" "-foreground" "-no-remote" "-profile" "C:\\Users\\sojog\\AppData\\Local\\Temp\\rust_mozprofilebopV0p"
JavaScript error: resource://gre/modules/XULStore.jsm, line 66: Error: Can't find profile directory.
console.error: SearchCache: "_readCacheFile: Error reading cache file:" (new Error("", "(unknown module)"))
1598732378578	Marionette	INFO	Listening on port 54455
1598732378631	Marionette	WARN	TLS certificate errors will be ignored for this session
1598732379273	Marionette	INFO	Stopped listening on port 54455

###!!! [Child][RunMessage] Error: Channel closing: too late to send/recv, messages will be lost


###!!! [Child][MessageChannel::SendAndWait] Error: Channel error: cannot send/recv

1598820456053	geckodriver	INFO	Listening on 127.0.0.1:57809
1598820459103	mozrunner::runner	INFO	Running command: "C:\\Program Files\\Mozilla Firefox\\firefox.exe" "--marionette" "-foreground" "-no-remote" "-profile" "C:\\Users\\sojog\\AppData\\Local\\Temp\\rust_mozprofiled5jN2D"
1598820487040	geckodriver	INFO	Listening on 127.0.0.1:57846
1598820490116	mozrunner::runner	INFO	Running command: "C:\\Program Files\\Mozilla Firefox\\firefox.exe" "--marionette" "-foreground" "-no-remote" "-profile" "C:\\Users\\sojog\\AppData\\Local\\Temp\\rust_mozprofilelnqykF"
JavaScript error: resource://gre/modules/XULStore.jsm, line 66: Error: Can't find profile directory.
console.error: SearchCache: "_readCacheFile: Error reading cache file:" (new Error("", "(unknown module)"))
1598820493080	Marionette	INFO	Listening on port 57854
1598820493232	Marionette	WARN	TLS certificate errors will be ignored for this session
1598820493841	Marionette	INFO	Stopped listening on port 57854
JavaScript error: resource://gre/modules/UrlClassifierListManager.jsm, line 691: TypeError: this.tablesData[table] is undefined

###!!! [Child][RunMessage] Error: Channel closing: too late to send/recv, messages will be lost


###!!! [Child][MessageChannel::SendAndWait] Error: Channel error: cannot send/recv

1598820529192	geckodriver	INFO	Listening on 127.0.0.1:57898
1598820532220	mozrunner::runner	INFO	Running command: "C:\\Program Files\\Mozilla Firefox\\firefox.exe" "--marionette" "-foreground" "-no-remote" "-profile" "C:\\Users\\sojog\\AppData\\Local\\Temp\\rust_mozprofileaIa7Aj"
JavaScript error: resource://gre/modules/XULStore.jsm, line 66: Error: Can't find profile directory.
console.error: SearchCache: "_readCacheFile: Error reading cache file:" (new Error("", "(unknown module)"))
1598820535195	Marionette	INFO	Listening on port 57906
1598820535332	Marionette	WARN	TLS certificate errors will be ignored for this session
1598820535895	Marionette	INFO	Stopped listening on port 57906

###!!! [Child][RunMessage] Error: Channel closing: too late to send/recv, messages will be lost


###!!! [Child][MessageChannel::SendAndWait] Error: Channel error: cannot send/recv

1598820555562	geckodriver	INFO	Listening on 127.0.0.1:57950
1598820558613	mozrunner::runner	INFO	Running command: "C:\\Program Files\\Mozilla Firefox\\firefox.exe" "--marionette" "-foreground" "-no-remote" "-profile" "C:\\Users\\sojog\\AppData\\Local\\Temp\\rust_mozprofileLSF7if"
JavaScript error: resource://gre/modules/XULStore.jsm, line 66: Error: Can't find profile directory.
console.error: SearchCache: "_readCacheFile: Error reading cache file:" (new Error("", "(unknown module)"))
1598820561495	Marionette	INFO	Listening on port 57958
1598820561733	Marionette	WARN	TLS certificate errors will be ignored for this session
JavaScript error: resource://gre/actors/AutoCompleteChild.jsm, line 208: Error: Invalid autocomplete selectedIndex
1598820563425	Marionette	INFO	Stopped listening on port 57958

###!!! [Child][RunMessage] Error: Channel closing: too late to send/recv, messages will be lost


###!!! [Child][MessageChannel::SendAndWait] Error: Channel error: cannot send/recv

1598820630697	geckodriver	INFO	Listening on 127.0.0.1:58010
1598820633726	mozrunner::runner	INFO	Running command: "C:\\Program Files\\Mozilla Firefox\\firefox.exe" "--marionette" "-foreground" "-no-remote" "-profile" "C:\\Users\\sojog\\AppData\\Local\\Temp\\rust_mozprofiledLLaQ2"
JavaScript error: resource://gre/modules/XULStore.jsm, line 66: Error: Can't find profile directory.
console.error: SearchCache: "_readCacheFile: Error reading cache file:" (new Error("", "(unknown module)"))
1598820636560	Marionette	INFO	Listening on port 58019
1598820636844	Marionette	WARN	TLS certificate errors will be ignored for this session
JavaScript error: resource://gre/actors/AutoCompleteChild.jsm, line 208: Error: Invalid autocomplete selectedIndex
1598820638450	Marionette	INFO	Stopped listening on port 58019

###!!! [Child][RunMessage] Error: Channel closing: too late to send/recv, messages will be lost


###!!! [Child][MessageChannel::SendAndWait] Error: Channel error: cannot send/recv

1598820815247	geckodriver	INFO	Listening on 127.0.0.1:58079
1598820818277	mozrunner::runner	INFO	Running command: "C:\\Program Files\\Mozilla Firefox\\firefox.exe" "--marionette" "-foreground" "-no-remote" "-profile" "C:\\Users\\sojog\\AppData\\Local\\Temp\\rust_mozprofilerLk7Yw"
JavaScript error: resource://gre/modules/XULStore.jsm, line 66: Error: Can't find profile directory.
console.error: SearchCache: "_readCacheFile: Error reading cache file:" (new Error("", "(unknown module)"))
1598820821243	Marionette	INFO	Listening on port 58088
1598820821419	Marionette	WARN	TLS certificate errors will be ignored for this session
JavaScript error: resource://gre/actors/AutoCompleteChild.jsm, line 208: Error: Invalid autocomplete selectedIndex
1598820823059	Marionette	INFO	Stopped listening on port 58088

###!!! [Child][RunMessage] Error: Channel closing: too late to send/recv, messages will be lost


###!!! [Child][MessageChannel::SendAndWait] Error: Channel error: cannot send/recv

